<?xml version="1.0" encoding="UTF-8"?>
<!-- Generated by org.testng.reporters.JUnitReportReporter -->
<testsuite hostname="Raja" failures="0" tests="1" name="testNG.Test" time="52.186" errors="0" timestamp="2023-01-06T12:55:31 IST" skipped="0">
  <testcase classname="testNG.Test" name="assertion" time="52.186"/>
  <system-out/>
</testsuite> <!-- testNG.Test -->
